ask book:
   oid  price  size
23   a  105.0    20
22  al  104.0   168
21  ay  103.0    53
20  av  100.0    68
19  at   99.0    20
18  au   98.0    12
17  ax   97.0   125
16  bt   95.0    27
15  bn   92.0    38
14  br   91.0   123
13  dj   90.0    76
12  bm   90.0     7
11  do   88.0    42
10  dd   88.0    35
9   db   88.0    33
8   de   87.0    34
7   dr   85.0     6
6   dq   84.0    40
5   ht   83.0    36
4   li   82.0   195
3   kd   82.0    86
2   ly   81.0    97
1   dv   80.0    15
0   mf   78.0     5
bid book:
  oid  price  size
0  lx   75.0    59
1  lz   73.0   194
2  mh   73.0   141
3  lv   72.0   150
4  ls   70.0   260
5  lw   70.0     8
6  gr   65.0    49
7  kv   65.0    74
--Stats--
Total volume: 1361 935
Best prices: 78.0 75.0 
Mid-price: 76.5
Spread: 3.0